d:\qyqc\pku\程序设计实习\qt\detective\detective\x64\debug\main.obj
d:\qyqc\pku\程序设计实习\qt\detective\detective\x64\debug\mylabel.obj
d:\qyqc\pku\程序设计实习\qt\detective\detective\x64\debug\detective.obj
d:\qyqc\pku\程序设计实习\qt\detective\detective\x64\debug\qrc_detective.obj
d:\qyqc\pku\程序设计实习\qt\detective\detective\x64\debug\moc_detective.obj
d:\qyqc\pku\程序设计实习\qt\detective\detective\x64\debug\moc_mylabel.obj
d:\qyqc\pku\程序设计实习\qt\detective\detective\x64\debug\vc143.pdb
d:\qyqc\pku\程序设计实习\qt\detective\detective\x64\debug\clue.obj
d:\qyqc\pku\程序设计实习\qt\detective\detective\x64\debug\mainareas.obj
d:\qyqc\pku\程序设计实习\qt\detective\detective\x64\debug\moc_mainareas.obj
d:\qyqc\pku\程序设计实习\qt\detective\detective\x64\debug\cluelist.obj
d:\qyqc\pku\程序设计实习\qt\detective\detective\x64\debug\moc_cluelist.obj
d:\qyqc\pku\程序设计实习\qt\detective\detective\x64\debug\clueitem.obj
d:\qyqc\pku\程序设计实习\qt\detective\detective\x64\debug\moc_clueitem.obj
d:\qyqc\pku\机器人概论\proj\detective\detective\x64\debug\uic\ui_detective.h
d:\qyqc\pku\机器人概论\proj\detective\detective\x64\debug\rcc\qrc_detective.cpp
d:\qyqc\pku\机器人概论\proj\detective\detective\x64\debug\moc\moc_detective.cpp
d:\qyqc\pku\机器人概论\proj\detective\detective\x64\debug\moc\moc_mylabel.cpp
d:\qyqc\pku\程序设计实习\qt\detective\detective\x64\debug\uic\ui_detective.h
d:\qyqc\pku\程序设计实习\qt\detective\detective\x64\debug\rcc\qrc_detective.cpp
d:\qyqc\pku\程序设计实习\qt\detective\detective\x64\debug\moc\moc_mylabel.cpp
d:\qyqc\pku\程序设计实习\qt\detective\detective\x64\debug\moc\moc_detective.cpp
d:\qyqc\pku\程序设计实习\qt\detective\detective\x64\debug\moc\moc_clue.cpp
d:\qyqc\pku\程序设计实习\qt\detective\detective\x64\debug\moc\moc_cluelist.cpp
d:\qyqc\pku\程序设计实习\qt\detective\detective\x64\debug\moc\moc_casearea.cpp
d:\qyqc\pku\程序设计实习\qt\detective\detective\x64\debug\moc\moc_mainareas.cpp
d:\qyqc\pku\程序设计实习\qt\detective\detective\x64\debug\moc\moc_clueitem.cpp
d:\qyqc\pku\程序设计实习\qt\detective\detective\x64\debug\casearea.obj
d:\qyqc\pku\程序设计实习\qt\detective\detective\x64\debug\moc_casearea.obj
d:\qyqc\pku\程序设计实习\qt\detective\detective\x64\debug\moc_clue.obj
d:\qyqc\pku\程序设计实习\qt\detective\x64\debug\detective.pdb
d:\qyqc\pku\程序设计实习\qt\detective\detective\x64\debug\detective.tlog\cl.command.1.tlog
d:\qyqc\pku\程序设计实习\qt\detective\detective\x64\debug\detective.tlog\cl.items.tlog
d:\qyqc\pku\程序设计实习\qt\detective\detective\x64\debug\detective.tlog\cl.read.1.tlog
d:\qyqc\pku\程序设计实习\qt\detective\detective\x64\debug\detective.tlog\cl.write.1.tlog
d:\qyqc\pku\程序设计实习\qt\detective\detective\x64\debug\detective.tlog\detective.write.1u.tlog
d:\qyqc\pku\程序设计实习\qt\detective\detective\x64\debug\detective.tlog\link.45220-cvtres.read.1.tlog
d:\qyqc\pku\程序设计实习\qt\detective\detective\x64\debug\detective.tlog\link.45220-cvtres.write.1.tlog
d:\qyqc\pku\程序设计实习\qt\detective\detective\x64\debug\detective.tlog\link.45220-rc.read.1.tlog
d:\qyqc\pku\程序设计实习\qt\detective\detective\x64\debug\detective.tlog\link.45220-rc.write.1.tlog
d:\qyqc\pku\程序设计实习\qt\detective\detective\x64\debug\detective.tlog\link.45220.read.1.tlog
d:\qyqc\pku\程序设计实习\qt\detective\detective\x64\debug\detective.tlog\link.45220.read.2.tlog
d:\qyqc\pku\程序设计实习\qt\detective\detective\x64\debug\detective.tlog\link.45220.write.1.tlog
d:\qyqc\pku\程序设计实习\qt\detective\detective\x64\debug\detective.tlog\link.command.1.tlog
d:\qyqc\pku\程序设计实习\qt\detective\detective\x64\debug\detective.tlog\link.read.1.tlog
d:\qyqc\pku\程序设计实习\qt\detective\detective\x64\debug\detective.tlog\link.write.1.tlog
d:\qyqc\pku\程序设计实习\qt\detective\detective\x64\debug\detective.tlog\moc.read.1u.tlog
d:\qyqc\pku\程序设计实习\qt\detective\detective\x64\debug\detective.tlog\moc.write.1u.tlog
d:\qyqc\pku\程序设计实习\qt\detective\detective\x64\debug\detective.tlog\rcc.read.1u.tlog
d:\qyqc\pku\程序设计实习\qt\detective\detective\x64\debug\detective.tlog\rcc.write.1u.tlog
d:\qyqc\pku\程序设计实习\qt\detective\detective\x64\debug\detective.tlog\uic.read.1u.tlog
d:\qyqc\pku\程序设计实习\qt\detective\detective\x64\debug\detective.tlog\uic.write.1u.tlog
